
{"t":{"$date":"2025-02-03T12:26:16.400+05:30"},"s":"I",  "c":"CONTROL",  "id":20698,   "ctx":"thread1","msg":"***** SERVER RESTARTED *****"}
{"t":{"$date":"2025-02-03T12:26:16.408+05:30"},"s":"I",  "c":"CONTROL",  "id":23285,   "ctx":"thread1","msg":"Automatically disabling TLS 1.0, to force-enable TLS 1.0 specify --sslDisabledProtocols 'none'"}
{"t":{"$date":"2025-02-03T12:26:16.435+05:30"},"s":"I",  "c":"CONTROL",  "id":5945603, "ctx":"thread1","msg":"Multi threading initialized"}
{"t":{"$date":"2025-02-03T12:26:16.437+05:30"},"s":"I",  "c":"NETWORK",  "id":4648601, "ctx":"thread1","msg":"Implicit TCP FastOpen unavailable. If TCP FastOpen is required, set at least one of the related parameters","attr":{"relatedParameters":["tcpFastOpenServer","tcpFastOpenClient","tcpFastOpenQueueSize"]}}
{"t":{"$date":"2025-02-03T12:26:16.441+05:30"},"s":"I",  "c":"NETWORK",  "id":4915701, "ctx":"thread1","msg":"Initialized wire specification","attr":{"spec":{"incomingExternalClient":{"minWireVersion":0,"maxWireVersion":25},"incomingInternalClient":{"minWireVersion":0,"maxWireVersion":25},"outgoing":{"minWireVersion":6,"maxWireVersion":25},"isInternalClient":true}}}
{"t":{"$date":"2025-02-03T12:26:16.445+05:30"},"s":"I",  "c":"TENANT_M", "id":7091600, "ctx":"thread1","msg":"Starting TenantMigrationAccessBlockerRegistry"}
{"t":{"$date":"2025-02-03T12:26:16.445+05:30"},"s":"I",  "c":"CONTROL",  "id":4615611, "ctx":"initandlisten","msg":"MongoDB starting","attr":{"pid":65587,"port":27017,"dbPath":"/Users/kumarsatyam/Desktop/CRM/Database","architecture":"64-bit","host":"SatyamXD.local"}}
{"t":{"$date":"2025-02-03T12:26:16.445+05:30"},"s":"I",  "c":"CONTROL",  "id":23403,   "ctx":"initandlisten","msg":"Build Info","attr":{"buildInfo":{"version":"8.0.4","gitVersion":"bc35ab4305d9920d9d0491c1c9ef9b72383d31f9","modules":[],"allocator":"system","environment":{"distarch":"aarch64","target_arch":"aarch64"}}}}
{"t":{"$date":"2025-02-03T12:26:16.446+05:30"},"s":"I",  "c":"CONTROL",  "id":51765,   "ctx":"initandlisten","msg":"Operating System","attr":{"os":{"name":"Mac OS X","version":"24.2.0"}}}
{"t":{"$date":"2025-02-03T12:26:16.446+05:30"},"s":"I",  "c":"CONTROL",  "id":21951,   "ctx":"initandlisten","msg":"Options set by command line","attr":{"options":{"config":"/Users/kumarsatyam/Desktop/CRM/Database/mongod.conf","net":{"bindIp":"127.0.0.1","port":27017},"processManagement":{"fork":true},"storage":{"dbPath":"/Users/kumarsatyam/Desktop/CRM/Database"},"systemLog":{"destination":"file","logAppend":true,"path":"/Users/kumarsatyam/Desktop/CRM/Database/mongodb.log"}}}}
{"t":{"$date":"2025-02-03T12:26:16.448+05:30"},"s":"I",  "c":"NETWORK",  "id":5693100, "ctx":"initandlisten","msg":"Asio socket.set_option failed with std::system_error","attr":{"note":"acceptor TCP fast open","option":{"level":6,"name":261,"data":"00 04 00 00"},"error":{"what":"set_option: Invalid argument","message":"Invalid argument","category":"asio.system","value":22}}}
{"t":{"$date":"2025-02-03T12:26:16.450+05:30"},"s":"I",  "c":"STORAGE",  "id":22270,   "ctx":"initandlisten","msg":"Storage engine to use detected by data files","attr":{"dbpath":"/Users/kumarsatyam/Desktop/CRM/Database","storageEngine":"wiredTiger"}}
{"t":{"$date":"2025-02-03T12:26:16.451+05:30"},"s":"I",  "c":"STORAGE",  "id":22315,   "ctx":"initandlisten","msg":"Opening WiredTiger","attr":{"config":"create,cache_size=3584M,session_max=33000,eviction=(threads_min=4,threads_max=4),config_base=false,statistics=(fast),log=(enabled=true,remove=true,path=journal,compressor=snappy),builtin_extension_config=(zstd=(compression_level=6)),file_manager=(close_idle_time=600,close_scan_interval=10,close_handle_minimum=2000),statistics_log=(wait=0),json_output=(error,message),verbose=[recovery_progress:1,checkpoint_progress:1,compact_progress:1,backup:0,checkpoint:0,compact:0,evict:0,history_store:0,recovery:0,rts:0,salvage:0,tiered:0,timestamp:0,transaction:0,verify:0,log:0],prefetch=(available=true,default=false),"}}
{"t":{"$date":"2025-02-03T12:26:16.577+05:30"},"s":"I",  "c":"WTRECOV",  "id":22430,   "ctx":"initandlisten","msg":"WiredTiger message","attr":{"message":{"ts_sec":1738565776,"ts_usec":576824,"thread":"65587:0x202c74240","session_name":"txn-recover","category":"WT_VERB_RECOVERY_PROGRESS","category_id":34,"verbose_level":"DEBUG_1","verbose_level_id":1,"msg":"Recovering log 1 through 2"}}}
{"t":{"$date":"2025-02-03T12:26:16.622+05:30"},"s":"I",  "c":"WTRECOV",  "id":22430,   "ctx":"initandlisten","msg":"WiredTiger message","attr":{"message":{"ts_sec":1738565776,"ts_usec":622615,"thread":"65587:0x202c74240","session_name":"txn-recover","category":"WT_VERB_RECOVERY_PROGRESS","category_id":34,"verbose_level":"DEBUG_1","verbose_level_id":1,"msg":"Recovering log 2 through 2"}}}
{"t":{"$date":"2025-02-03T12:26:16.660+05:30"},"s":"I",  "c":"WTRECOV",  "id":22430,   "ctx":"initandlisten","msg":"WiredTiger message","attr":{"message":{"ts_sec":1738565776,"ts_usec":660933,"thread":"65587:0x202c74240","session_name":"txn-recover","category":"WT_VERB_RECOVERY_PROGRESS","category_id":34,"verbose_level":"DEBUG_1","verbose_level_id":1,"msg":"Main recovery loop: starting at 1/23680 to 2/256"}}}
{"t":{"$date":"2025-02-03T12:26:16.719+05:30"},"s":"I",  "c":"WTRECOV",  "id":22430,   "ctx":"initandlisten","msg":"WiredTiger message","attr":{"message":{"ts_sec":1738565776,"ts_usec":719756,"thread":"65587:0x202c74240","session_name":"txn-recover","category":"WT_VERB_RECOVERY_PROGRESS","category_id":34,"verbose_level":"DEBUG_1","verbose_level_id":1,"msg":"Recovering log 1 through 2"}}}
{"t":{"$date":"2025-02-03T12:26:16.752+05:30"},"s":"I",  "c":"WTRECOV",  "id":22430,   "ctx":"initandlisten","msg":"WiredTiger message","attr":{"message":{"ts_sec":1738565776,"ts_usec":752298,"thread":"65587:0x202c74240","session_name":"txn-recover","category":"WT_VERB_RECOVERY_PROGRESS","category_id":34,"verbose_level":"DEBUG_1","verbose_level_id":1,"msg":"Recovering log 2 through 2"}}}
{"t":{"$date":"2025-02-03T12:26:16.773+05:30"},"s":"I",  "c":"WTRECOV",  "id":22430,   "ctx":"initandlisten","msg":"WiredTiger message","attr":{"message":{"ts_sec":1738565776,"ts_usec":773156,"thread":"65587:0x202c74240","session_name":"txn-recover","category":"WT_VERB_RECOVERY_PROGRESS","category_id":34,"verbose_level":"DEBUG_1","verbose_level_id":1,"msg":"recovery log replay has successfully finished and ran for 196 milliseconds"}}}
{"t":{"$date":"2025-02-03T12:26:16.773+05:30"},"s":"I",  "c":"WTRECOV",  "id":22430,   "ctx":"initandlisten","msg":"WiredTiger message","attr":{"message":{"ts_sec":1738565776,"ts_usec":773569,"thread":"65587:0x202c74240","session_name":"txn-recover","category":"WT_VERB_RECOVERY_PROGRESS","category_id":34,"verbose_level":"DEBUG_1","verbose_level_id":1,"msg":"Set global recovery timestamp: (0, 0)"}}}
{"t":{"$date":"2025-02-03T12:26:16.773+05:30"},"s":"I",  "c":"WTRECOV",  "id":22430,   "ctx":"initandlisten","msg":"WiredTiger message","attr":{"message":{"ts_sec":1738565776,"ts_usec":773776,"thread":"65587:0x202c74240","session_name":"txn-recover","category":"WT_VERB_RECOVERY_PROGRESS","category_id":34,"verbose_level":"DEBUG_1","verbose_level_id":1,"msg":"Set global oldest timestamp: (0, 0)"}}}
{"t":{"$date":"2025-02-03T12:26:16.774+05:30"},"s":"I",  "c":"WTRECOV",  "id":22430,   "ctx":"initandlisten","msg":"WiredTiger message","attr":{"message":{"ts_sec":1738565776,"ts_usec":774619,"thread":"65587:0x202c74240","session_name":"txn-recover","category":"WT_VERB_RECOVERY_PROGRESS","category_id":34,"verbose_level":"DEBUG_1","verbose_level_id":1,"msg":"recovery rollback to stable has successfully finished and ran for 0 milliseconds"}}}
{"t":{"$date":"2025-02-03T12:26:16.779+05:30"},"s":"I",  "c":"WTCHKPT",  "id":22430,   "ctx":"initandlisten","msg":"WiredTiger message","attr":{"message":{"ts_sec":1738565776,"ts_usec":779498,"thread":"65587:0x202c74240","session_name":"WT_SESSION.checkpoint","category":"WT_VERB_CHECKPOINT_PROGRESS","category_id":7,"verbose_level":"DEBUG_1","verbose_level_id":1,"msg":"saving checkpoint snapshot min: 1, snapshot max: 1 snapshot count: 0, oldest timestamp: (0, 0) , meta checkpoint timestamp: (0, 0) base write gen: 10"}}}
{"t":{"$date":"2025-02-03T12:26:16.795+05:30"},"s":"I",  "c":"WTRECOV",  "id":22430,   "ctx":"initandlisten","msg":"WiredTiger message","attr":{"message":{"ts_sec":1738565776,"ts_usec":795681,"thread":"65587:0x202c74240","session_name":"txn-recover","category":"WT_VERB_RECOVERY_PROGRESS","category_id":34,"verbose_level":"DEBUG_1","verbose_level_id":1,"msg":"recovery checkpoint has successfully finished and ran for 20 milliseconds"}}}
{"t":{"$date":"2025-02-03T12:26:16.796+05:30"},"s":"I",  "c":"WTRECOV",  "id":22430,   "ctx":"initandlisten","msg":"WiredTiger message","attr":{"message":{"ts_sec":1738565776,"ts_usec":796617,"thread":"65587:0x202c74240","session_name":"txn-recover","category":"WT_VERB_RECOVERY_PROGRESS","category_id":34,"verbose_level":"DEBUG_1","verbose_level_id":1,"msg":"recovery was completed successfully and took 220ms, including 196ms for the log replay, 0ms for the rollback to stable, and 20ms for the checkpoint."}}}
{"t":{"$date":"2025-02-03T12:26:16.801+05:30"},"s":"I",  "c":"STORAGE",  "id":4795906, "ctx":"initandlisten","msg":"WiredTiger opened","attr":{"durationMillis":350}}
{"t":{"$date":"2025-02-03T12:26:16.801+05:30"},"s":"I",  "c":"RECOVERY", "id":23987,   "ctx":"initandlisten","msg":"WiredTiger recoveryTimestamp","attr":{"recoveryTimestamp":{"$timestamp":{"t":0,"i":0}}}}
{"t":{"$date":"2025-02-03T12:26:16.811+05:30"},"s":"W",  "c":"CONTROL",  "id":22120,   "ctx":"initandlisten","msg":"Access control is not enabled for the database. Read and write access to data and configuration is unrestricted","tags":["startupWarnings"]}
{"t":{"$date":"2025-02-03T12:26:16.819+05:30"},"s":"I",  "c":"NETWORK",  "id":4915702, "ctx":"initandlisten","msg":"Updated wire specification","attr":{"oldSpec":{"incomingExternalClient":{"minWireVersion":0,"maxWireVersion":25},"incomingInternalClient":{"minWireVersion":0,"maxWireVersion":25},"outgoing":{"minWireVersion":6,"maxWireVersion":25},"isInternalClient":true},"newSpec":{"incomingExternalClient":{"minWireVersion":0,"maxWireVersion":25},"incomingInternalClient":{"minWireVersion":25,"maxWireVersion":25},"outgoing":{"minWireVersion":25,"maxWireVersion":25},"isInternalClient":true}}}
{"t":{"$date":"2025-02-03T12:26:16.819+05:30"},"s":"I",  "c":"REPL",     "id":5853300, "ctx":"initandlisten","msg":"current featureCompatibilityVersion value","attr":{"featureCompatibilityVersion":"8.0","context":"startup"}}
{"t":{"$date":"2025-02-03T12:26:16.820+05:30"},"s":"I",  "c":"STORAGE",  "id":5071100, "ctx":"initandlisten","msg":"Clearing temp directory"}
{"t":{"$date":"2025-02-03T12:26:16.822+05:30"},"s":"I",  "c":"CONTROL",  "id":6608200, "ctx":"initandlisten","msg":"Initializing cluster server parameters from disk"}
{"t":{"$date":"2025-02-03T12:26:16.822+05:30"},"s":"I",  "c":"CONTROL",  "id":20536,   "ctx":"initandlisten","msg":"Flow Control is enabled on this deployment"}
{"t":{"$date":"2025-02-03T12:26:16.822+05:30"},"s":"I",  "c":"FTDC",     "id":20625,   "ctx":"initandlisten","msg":"Initializing full-time diagnostic data capture","attr":{"dataDirectory":"/Users/kumarsatyam/Desktop/CRM/Database/diagnostic.data"}}
{"t":{"$date":"2025-02-03T12:26:16.830+05:30"},"s":"I",  "c":"REPL",     "id":6015317, "ctx":"initandlisten","msg":"Setting new configuration state","attr":{"newState":"ConfigReplicationDisabled","oldState":"ConfigPreStart"}}
{"t":{"$date":"2025-02-03T12:26:16.831+05:30"},"s":"I",  "c":"STORAGE",  "id":22262,   "ctx":"initandlisten","msg":"Timestamp monitor starting"}
{"t":{"$date":"2025-02-03T12:26:16.831+05:30"},"s":"I",  "c":"STORAGE",  "id":7333401, "ctx":"initandlisten","msg":"Starting the DiskSpaceMonitor"}
{"t":{"$date":"2025-02-03T12:26:16.831+05:30"},"s":"I",  "c":"NETWORK",  "id":23015,   "ctx":"listener","msg":"Listening on","attr":{"address":"/tmp/mongodb-27017.sock"}}
{"t":{"$date":"2025-02-03T12:26:16.832+05:30"},"s":"I",  "c":"NETWORK",  "id":23015,   "ctx":"listener","msg":"Listening on","attr":{"address":"127.0.0.1:27017"}}
{"t":{"$date":"2025-02-03T12:26:16.832+05:30"},"s":"I",  "c":"NETWORK",  "id":23016,   "ctx":"listener","msg":"Waiting for connections","attr":{"port":27017,"ssl":"off"}}
{"t":{"$date":"2025-02-03T12:26:16.832+05:30"},"s":"I",  "c":"CONTROL",  "id":8423403, "ctx":"initandlisten","msg":"mongod startup complete","attr":{"Summary of time elapsed":{"Startup from clean shutdown?":true,"Statistics":{"Set up periodic runner":"0 ms","Set up online certificate status protocol manager":"0 ms","Transport layer setup":"2 ms","Run initial syncer crash recovery":"0 ms","Create storage engine lock file in the data directory":"0 ms","Get metadata describing storage engine":"0 ms","Validate options in metadata against current startup options":"0 ms","Create storage engine":"354 ms","Write current PID to file":"0 ms","Initialize FCV before rebuilding indexes":"8 ms","Drop abandoned idents and get back indexes that need to be rebuilt or builds that need to be restarted":"0 ms","Rebuild indexes for collections":"0 ms","Load cluster parameters from disk for a standalone":"1 ms","Build user and roles graph":"0 ms","Set up the background thread pool responsible for waiting for opTimes to be majority committed":"0 ms","Start up the replication coordinator":"2 ms","Ensure the change stream collections on startup contain consistent data":"0 ms","Write startup options to the audit log":"0 ms","Start transport layer":"1 ms","_initAndListen total elapsed time":"387 ms"}}}}
{"t":{"$date":"2025-02-03T12:26:17.012+05:30"},"s":"W",  "c":"CONTROL",  "id":636300,  "ctx":"ftdc","msg":"Use of deprecated server parameter name","attr":{"deprecatedName":"internalQueryCacheSize","canonicalName":"internalQueryCacheMaxEntriesPerCollection"}}
{"t":{"$date":"2025-02-03T12:26:17.013+05:30"},"s":"W",  "c":"CONTROL",  "id":636300,  "ctx":"ftdc","msg":"Use of deprecated server parameter name","attr":{"deprecatedName":"oplogSamplingLogIntervalSeconds","canonicalName":"collectionSamplingLogIntervalSeconds"}}
{"t":{"$date":"2025-02-03T12:26:17.013+05:30"},"s":"W",  "c":"NETWORK",  "id":23803,   "ctx":"ftdc","msg":"Use of deprecated server parameter 'sslMode', please use 'tlsMode' instead."}
{"t":{"$date":"2025-02-03T12:26:17.014+05:30"},"s":"W",  "c":"CONTROL",  "id":636300,  "ctx":"ftdc","msg":"Use of deprecated server parameter name","attr":{"deprecatedName":"wiredTigerConcurrentReadTransactions","canonicalName":"storageEngineConcurrentReadTransactions"}}
{"t":{"$date":"2025-02-03T12:26:17.015+05:30"},"s":"W",  "c":"CONTROL",  "id":636300,  "ctx":"ftdc","msg":"Use of deprecated server parameter name","attr":{"deprecatedName":"wiredTigerConcurrentWriteTransactions","canonicalName":"storageEngineConcurrentWriteTransactions"}}
{"t":{"$date":"2025-02-03T12:27:16.790+05:30"},"s":"I",  "c":"WTCHKPT",  "id":22430,   "ctx":"Checkpointer","msg":"WiredTiger message","attr":{"message":{"ts_sec":1738565836,"ts_usec":790353,"thread":"65587:0x16cc4f000","session_name":"WT_SESSION.checkpoint","category":"WT_VERB_CHECKPOINT_PROGRESS","category_id":7,"verbose_level":"DEBUG_1","verbose_level_id":1,"msg":"saving checkpoint snapshot min: 3, snapshot max: 3 snapshot count: 0, oldest timestamp: (0, 0) , meta checkpoint timestamp: (0, 0) base write gen: 10"}}}
{"t":{"$date":"2025-02-03T12:27:30.411+05:30"},"s":"I",  "c":"CONTROL",  "id":23377,   "ctx":"SignalHandler","msg":"Received signal","attr":{"signal":15,"error":"Terminated: 15"}}
{"t":{"$date":"2025-02-03T12:27:30.412+05:30"},"s":"I",  "c":"CONTROL",  "id":23381,   "ctx":"SignalHandler","msg":"will terminate after current cmd ends"}
{"t":{"$date":"2025-02-03T12:27:30.412+05:30"},"s":"I",  "c":"REPL",     "id":4784900, "ctx":"SignalHandler","msg":"Stepping down the ReplicationCoordinator for shutdown","attr":{"waitTimeMillis":15000}}
{"t":{"$date":"2025-02-03T12:27:30.416+05:30"},"s":"I",  "c":"REPL",     "id":4794602, "ctx":"SignalHandler","msg":"Attempting to enter quiesce mode"}
{"t":{"$date":"2025-02-03T12:27:30.417+05:30"},"s":"I",  "c":"STORAGE",  "id":7333402, "ctx":"SignalHandler","msg":"Shutting down the DiskSpaceMonitor"}
{"t":{"$date":"2025-02-03T12:27:30.418+05:30"},"s":"I",  "c":"-",        "id":6371601, "ctx":"SignalHandler","msg":"Shutting down the FLE Crud thread pool"}
{"t":{"$date":"2025-02-03T12:27:30.418+05:30"},"s":"I",  "c":"COMMAND",  "id":4784901, "ctx":"SignalHandler","msg":"Shutting down the MirrorMaestro"}
{"t":{"$date":"2025-02-03T12:27:30.419+05:30"},"s":"I",  "c":"SHARDING", "id":4784902, "ctx":"SignalHandler","msg":"Shutting down the WaitForMajorityService"}
{"t":{"$date":"2025-02-03T12:27:30.420+05:30"},"s":"I",  "c":"CONTROL",  "id":4784903, "ctx":"SignalHandler","msg":"Shutting down the LogicalSessionCache"}
{"t":{"$date":"2025-02-03T12:27:30.421+05:30"},"s":"I",  "c":"NETWORK",  "id":8314100, "ctx":"SignalHandler","msg":"Shutdown: Closing listener sockets"}
{"t":{"$date":"2025-02-03T12:27:30.421+05:30"},"s":"I",  "c":"NETWORK",  "id":23017,   "ctx":"listener","msg":"removing socket file","attr":{"path":"/tmp/mongodb-27017.sock"}}
{"t":{"$date":"2025-02-03T12:27:30.422+05:30"},"s":"I",  "c":"NETWORK",  "id":4784905, "ctx":"SignalHandler","msg":"Shutting down the global connection pool"}
{"t":{"$date":"2025-02-03T12:27:30.423+05:30"},"s":"I",  "c":"CONTROL",  "id":4784906, "ctx":"SignalHandler","msg":"Shutting down the FlowControlTicketholder"}
{"t":{"$date":"2025-02-03T12:27:30.423+05:30"},"s":"I",  "c":"-",        "id":20520,   "ctx":"SignalHandler","msg":"Stopping further Flow Control ticket acquisitions."}
{"t":{"$date":"2025-02-03T12:27:30.424+05:30"},"s":"I",  "c":"CONTROL",  "id":4784908, "ctx":"SignalHandler","msg":"Shutting down the PeriodicThreadToAbortExpiredTransactions"}
{"t":{"$date":"2025-02-03T12:27:30.425+05:30"},"s":"I",  "c":"REPL",     "id":4784909, "ctx":"SignalHandler","msg":"Shutting down the ReplicationCoordinator"}
{"t":{"$date":"2025-02-03T12:27:30.426+05:30"},"s":"I",  "c":"SHARDING", "id":4784910, "ctx":"SignalHandler","msg":"Shutting down the ShardingInitializationMongoD"}
{"t":{"$date":"2025-02-03T12:27:30.426+05:30"},"s":"I",  "c":"REPL",     "id":4784911, "ctx":"SignalHandler","msg":"Enqueuing the ReplicationStateTransitionLock for shutdown"}
{"t":{"$date":"2025-02-03T12:27:30.427+05:30"},"s":"I",  "c":"-",        "id":4784912, "ctx":"SignalHandler","msg":"Killing all operations for shutdown"}
{"t":{"$date":"2025-02-03T12:27:30.427+05:30"},"s":"I",  "c":"-",        "id":4695300, "ctx":"SignalHandler","msg":"Interrupted all currently running operations","attr":{"opsKilled":3}}
{"t":{"$date":"2025-02-03T12:27:30.428+05:30"},"s":"I",  "c":"TENANT_M", "id":5093807, "ctx":"SignalHandler","msg":"Shutting down all TenantMigrationAccessBlockers on global shutdown"}
{"t":{"$date":"2025-02-03T12:27:30.429+05:30"},"s":"I",  "c":"ASIO",     "id":22582,   "ctx":"TenantMigrationBlockerNet","msg":"Killing all outstanding egress activity."}
{"t":{"$date":"2025-02-03T12:27:30.430+05:30"},"s":"I",  "c":"ASIO",     "id":6529201, "ctx":"SignalHandler","msg":"Network interface redundant shutdown","attr":{"state":"Stopped"}}
{"t":{"$date":"2025-02-03T12:27:30.430+05:30"},"s":"I",  "c":"ASIO",     "id":22582,   "ctx":"SignalHandler","msg":"Killing all outstanding egress activity."}
{"t":{"$date":"2025-02-03T12:27:30.431+05:30"},"s":"I",  "c":"COMMAND",  "id":4784913, "ctx":"SignalHandler","msg":"Shutting down all open transactions"}
{"t":{"$date":"2025-02-03T12:27:30.431+05:30"},"s":"I",  "c":"REPL",     "id":4784914, "ctx":"SignalHandler","msg":"Acquiring the ReplicationStateTransitionLock for shutdown"}
{"t":{"$date":"2025-02-03T12:27:30.432+05:30"},"s":"I",  "c":"INDEX",    "id":4784915, "ctx":"SignalHandler","msg":"Shutting down the IndexBuildsCoordinator"}
{"t":{"$date":"2025-02-03T12:27:30.432+05:30"},"s":"I",  "c":"NETWORK",  "id":4784918, "ctx":"SignalHandler","msg":"Shutting down the ReplicaSetMonitor"}
{"t":{"$date":"2025-02-03T12:27:30.433+05:30"},"s":"I",  "c":"SHARDING", "id":4784921, "ctx":"SignalHandler","msg":"Shutting down the MigrationUtilExecutor"}
{"t":{"$date":"2025-02-03T12:27:30.433+05:30"},"s":"I",  "c":"ASIO",     "id":22582,   "ctx":"MigrationUtil-TaskExecutor","msg":"Killing all outstanding egress activity."}
{"t":{"$date":"2025-02-03T12:27:30.433+05:30"},"s":"I",  "c":"NETWORK",  "id":20562,   "ctx":"SignalHandler","msg":"Shutdown: Closing open transport sessions"}
{"t":{"$date":"2025-02-03T12:27:30.434+05:30"},"s":"I",  "c":"NETWORK",  "id":4784923, "ctx":"SignalHandler","msg":"Shutting down the ASIO transport SessionManager"}
{"t":{"$date":"2025-02-03T12:27:30.434+05:30"},"s":"I",  "c":"CONTROL",  "id":4784927, "ctx":"SignalHandler","msg":"Shutting down the HealthLog"}
{"t":{"$date":"2025-02-03T12:27:30.434+05:30"},"s":"I",  "c":"CONTROL",  "id":4784928, "ctx":"SignalHandler","msg":"Shutting down the TTL monitor"}
{"t":{"$date":"2025-02-03T12:27:30.435+05:30"},"s":"I",  "c":"INDEX",    "id":3684100, "ctx":"SignalHandler","msg":"Shutting down TTL collection monitor thread"}
{"t":{"$date":"2025-02-03T12:27:30.435+05:30"},"s":"I",  "c":"INDEX",    "id":3684101, "ctx":"SignalHandler","msg":"Finished shutting down TTL collection monitor thread"}
{"t":{"$date":"2025-02-03T12:27:30.436+05:30"},"s":"I",  "c":"CONTROL",  "id":6278511, "ctx":"SignalHandler","msg":"Shutting down the Change Stream Expired Pre-images Remover"}
{"t":{"$date":"2025-02-03T12:27:30.436+05:30"},"s":"I",  "c":"CONTROL",  "id":4784929, "ctx":"SignalHandler","msg":"Acquiring the global lock for shutdown"}
{"t":{"$date":"2025-02-03T12:27:30.437+05:30"},"s":"I",  "c":"CONTROL",  "id":4784930, "ctx":"SignalHandler","msg":"Shutting down the storage engine"}
{"t":{"$date":"2025-02-03T12:27:30.437+05:30"},"s":"I",  "c":"STORAGE",  "id":22320,   "ctx":"SignalHandler","msg":"Shutting down journal flusher thread"}
{"t":{"$date":"2025-02-03T12:27:30.437+05:30"},"s":"I",  "c":"STORAGE",  "id":22321,   "ctx":"SignalHandler","msg":"Finished shutting down journal flusher thread"}
{"t":{"$date":"2025-02-03T12:27:30.438+05:30"},"s":"I",  "c":"STORAGE",  "id":22322,   "ctx":"SignalHandler","msg":"Shutting down checkpoint thread"}
{"t":{"$date":"2025-02-03T12:27:30.438+05:30"},"s":"I",  "c":"STORAGE",  "id":22323,   "ctx":"SignalHandler","msg":"Finished shutting down checkpoint thread"}
{"t":{"$date":"2025-02-03T12:27:30.438+05:30"},"s":"I",  "c":"STORAGE",  "id":22261,   "ctx":"SignalHandler","msg":"Timestamp monitor shutting down"}
{"t":{"$date":"2025-02-03T12:27:30.439+05:30"},"s":"I",  "c":"STORAGE",  "id":20282,   "ctx":"SignalHandler","msg":"Deregistering all the collections"}
{"t":{"$date":"2025-02-03T12:27:30.439+05:30"},"s":"I",  "c":"STORAGE",  "id":22317,   "ctx":"SignalHandler","msg":"WiredTigerKVEngine shutting down"}
{"t":{"$date":"2025-02-03T12:27:30.440+05:30"},"s":"I",  "c":"STORAGE",  "id":22318,   "ctx":"SignalHandler","msg":"Shutting down session sweeper thread"}
{"t":{"$date":"2025-02-03T12:27:30.440+05:30"},"s":"I",  "c":"STORAGE",  "id":22319,   "ctx":"SignalHandler","msg":"Finished shutting down session sweeper thread"}
{"t":{"$date":"2025-02-03T12:27:30.440+05:30"},"s":"I",  "c":"STORAGE",  "id":4795902, "ctx":"SignalHandler","msg":"Closing WiredTiger","attr":{"closeConfig":"leak_memory=true,use_timestamp=false,"}}
{"t":{"$date":"2025-02-03T12:27:30.441+05:30"},"s":"I",  "c":"WTCHKPT",  "id":22430,   "ctx":"SignalHandler","msg":"WiredTiger message","attr":{"message":{"ts_sec":1738565850,"ts_usec":441700,"thread":"65587:0x16bcff000","session_name":"close_ckpt","category":"WT_VERB_CHECKPOINT_PROGRESS","category_id":7,"verbose_level":"DEBUG_1","verbose_level_id":1,"msg":"saving checkpoint snapshot min: 5, snapshot max: 5 snapshot count: 0, oldest timestamp: (0, 0) , meta checkpoint timestamp: (0, 0) base write gen: 10"}}}
{"t":{"$date":"2025-02-03T12:27:30.469+05:30"},"s":"I",  "c":"WTRECOV",  "id":22430,   "ctx":"SignalHandler","msg":"WiredTiger message","attr":{"message":{"ts_sec":1738565850,"ts_usec":469964,"thread":"65587:0x16bcff000","session_name":"WT_CONNECTION.close","category":"WT_VERB_RECOVERY_PROGRESS","category_id":34,"verbose_level":"DEBUG_1","verbose_level_id":1,"msg":"shutdown checkpoint has successfully finished and ran for 28 milliseconds"}}}
{"t":{"$date":"2025-02-03T12:27:30.470+05:30"},"s":"I",  "c":"WTRECOV",  "id":22430,   "ctx":"SignalHandler","msg":"WiredTiger message","attr":{"message":{"ts_sec":1738565850,"ts_usec":470353,"thread":"65587:0x16bcff000","session_name":"WT_CONNECTION.close","category":"WT_VERB_RECOVERY_PROGRESS","category_id":34,"verbose_level":"DEBUG_1","verbose_level_id":1,"msg":"shutdown was completed successfully and took 29ms, including 0ms for the rollback to stable, and 28ms for the checkpoint."}}}
{"t":{"$date":"2025-02-03T12:27:30.483+05:30"},"s":"I",  "c":"STORAGE",  "id":4795901, "ctx":"SignalHandler","msg":"WiredTiger closed","attr":{"durationMillis":43}}
{"t":{"$date":"2025-02-03T12:27:30.484+05:30"},"s":"I",  "c":"STORAGE",  "id":22279,   "ctx":"SignalHandler","msg":"shutdown: removing fs lock..."}
{"t":{"$date":"2025-02-03T12:27:30.484+05:30"},"s":"I",  "c":"-",        "id":4784931, "ctx":"SignalHandler","msg":"Dropping the scope cache for shutdown"}
{"t":{"$date":"2025-02-03T12:27:30.484+05:30"},"s":"I",  "c":"FTDC",     "id":20626,   "ctx":"SignalHandler","msg":"Shutting down full-time diagnostic data capture"}
{"t":{"$date":"2025-02-03T12:27:30.488+05:30"},"s":"I",  "c":"CONTROL",  "id":20565,   "ctx":"SignalHandler","msg":"Now exiting"}
{"t":{"$date":"2025-02-03T12:27:30.488+05:30"},"s":"I",  "c":"CONTROL",  "id":8423404, "ctx":"SignalHandler","msg":"mongod shutdown complete","attr":{"Summary of time elapsed":{"Statistics":{"Enter terminal shutdown":"0 ms","Step down the replication coordinator for shutdown":"4 ms","Time spent in quiesce mode":"0 ms","Shut down FLE Crud subsystem":"1 ms","Shut down MirrorMaestro":"0 ms","Shut down WaitForMajorityService":"2 ms","Shut down the logical session cache":"0 ms","Shut down the global connection pool":"1 ms","Shut down the flow control ticket holder":"1 ms","Shut down the thread that aborts expired transactions":"1 ms","Kill all operations for shutdown":"0 ms","Shut down all tenant migration access blockers on global shutdown":"3 ms","Shut down all open transactions":"1 ms","Acquire the RSTL for shutdown":"0 ms","Shut down the IndexBuildsCoordinator and wait for index builds to finish":"1 ms","Shut down the replica set monitor":"0 ms","Shut down the migration util executor":"0 ms","Shut down the transport layer":"1 ms","Shut down the health log":"0 ms","Shut down the TTL monitor":"1 ms","Shut down expired pre-images and documents removers":"1 ms","Shut down the storage engine":"47 ms","Wait for the oplog cap maintainer thread to stop":"0 ms","Shut down full-time data capture":"0 ms","Shut down online certificate status protocol manager":"0 ms","shutdownTask total elapsed time":"76 ms"}}}}
{"t":{"$date":"2025-02-03T12:27:30.489+05:30"},"s":"I",  "c":"CONTROL",  "id":23138,   "ctx":"SignalHandler","msg":"Shutting down","attr":{"exitCode":0}}

{"t":{"$date":"2025-02-03T12:30:17.123+05:30"},"s":"I",  "c":"CONTROL",  "id":20698,   "ctx":"thread1","msg":"***** SERVER RESTARTED *****"}
{"t":{"$date":"2025-02-03T12:30:17.156+05:30"},"s":"I",  "c":"CONTROL",  "id":23285,   "ctx":"thread1","msg":"Automatically disabling TLS 1.0, to force-enable TLS 1.0 specify --sslDisabledProtocols 'none'"}
{"t":{"$date":"2025-02-03T12:30:17.157+05:30"},"s":"I",  "c":"CONTROL",  "id":5945603, "ctx":"thread1","msg":"Multi threading initialized"}
{"t":{"$date":"2025-02-03T12:30:17.158+05:30"},"s":"I",  "c":"NETWORK",  "id":4648601, "ctx":"thread1","msg":"Implicit TCP FastOpen unavailable. If TCP FastOpen is required, set at least one of the related parameters","attr":{"relatedParameters":["tcpFastOpenServer","tcpFastOpenClient","tcpFastOpenQueueSize"]}}
{"t":{"$date":"2025-02-03T12:30:17.161+05:30"},"s":"I",  "c":"NETWORK",  "id":4915701, "ctx":"thread1","msg":"Initialized wire specification","attr":{"spec":{"incomingExternalClient":{"minWireVersion":0,"maxWireVersion":25},"incomingInternalClient":{"minWireVersion":0,"maxWireVersion":25},"outgoing":{"minWireVersion":6,"maxWireVersion":25},"isInternalClient":true}}}
{"t":{"$date":"2025-02-03T12:30:17.163+05:30"},"s":"I",  "c":"TENANT_M", "id":7091600, "ctx":"thread1","msg":"Starting TenantMigrationAccessBlockerRegistry"}
{"t":{"$date":"2025-02-03T12:30:17.163+05:30"},"s":"I",  "c":"CONTROL",  "id":4615611, "ctx":"initandlisten","msg":"MongoDB starting","attr":{"pid":66025,"port":27017,"dbPath":"/Users/kumarsatyam/Desktop/CRM/Database","architecture":"64-bit","host":"SatyamXD.local"}}
{"t":{"$date":"2025-02-03T12:30:17.163+05:30"},"s":"I",  "c":"CONTROL",  "id":23403,   "ctx":"initandlisten","msg":"Build Info","attr":{"buildInfo":{"version":"8.0.4","gitVersion":"bc35ab4305d9920d9d0491c1c9ef9b72383d31f9","modules":[],"allocator":"system","environment":{"distarch":"aarch64","target_arch":"aarch64"}}}}
{"t":{"$date":"2025-02-03T12:30:17.163+05:30"},"s":"I",  "c":"CONTROL",  "id":51765,   "ctx":"initandlisten","msg":"Operating System","attr":{"os":{"name":"Mac OS X","version":"24.2.0"}}}
{"t":{"$date":"2025-02-03T12:30:17.164+05:30"},"s":"I",  "c":"CONTROL",  "id":21951,   "ctx":"initandlisten","msg":"Options set by command line","attr":{"options":{"config":"/Users/kumarsatyam/Desktop/CRM/Database/mongod.conf","net":{"bindIp":"127.0.0.1","port":27017},"processManagement":{"fork":true},"storage":{"dbPath":"/Users/kumarsatyam/Desktop/CRM/Database"},"systemLog":{"destination":"file","logAppend":true,"path":"/Users/kumarsatyam/Desktop/CRM/Database/mongodb.log"}}}}
{"t":{"$date":"2025-02-03T12:30:17.165+05:30"},"s":"I",  "c":"NETWORK",  "id":5693100, "ctx":"initandlisten","msg":"Asio socket.set_option failed with std::system_error","attr":{"note":"acceptor TCP fast open","option":{"level":6,"name":261,"data":"00 04 00 00"},"error":{"what":"set_option: Invalid argument","message":"Invalid argument","category":"asio.system","value":22}}}
{"t":{"$date":"2025-02-03T12:30:17.166+05:30"},"s":"I",  "c":"STORAGE",  "id":22270,   "ctx":"initandlisten","msg":"Storage engine to use detected by data files","attr":{"dbpath":"/Users/kumarsatyam/Desktop/CRM/Database","storageEngine":"wiredTiger"}}
{"t":{"$date":"2025-02-03T12:30:17.167+05:30"},"s":"I",  "c":"STORAGE",  "id":22315,   "ctx":"initandlisten","msg":"Opening WiredTiger","attr":{"config":"create,cache_size=3584M,session_max=33000,eviction=(threads_min=4,threads_max=4),config_base=false,statistics=(fast),log=(enabled=true,remove=true,path=journal,compressor=snappy),builtin_extension_config=(zstd=(compression_level=6)),file_manager=(close_idle_time=600,close_scan_interval=10,close_handle_minimum=2000),statistics_log=(wait=0),json_output=(error,message),verbose=[recovery_progress:1,checkpoint_progress:1,compact_progress:1,backup:0,checkpoint:0,compact:0,evict:0,history_store:0,recovery:0,rts:0,salvage:0,tiered:0,timestamp:0,transaction:0,verify:0,log:0],prefetch=(available=true,default=false),"}}
{"t":{"$date":"2025-02-03T12:30:17.287+05:30"},"s":"I",  "c":"WTRECOV",  "id":22430,   "ctx":"initandlisten","msg":"WiredTiger message","attr":{"message":{"ts_sec":1738566017,"ts_usec":287588,"thread":"66025:0x202c74240","session_name":"txn-recover","category":"WT_VERB_RECOVERY_PROGRESS","category_id":34,"verbose_level":"DEBUG_1","verbose_level_id":1,"msg":"Recovering log 2 through 3"}}}
{"t":{"$date":"2025-02-03T12:30:17.318+05:30"},"s":"I",  "c":"WTRECOV",  "id":22430,   "ctx":"initandlisten","msg":"WiredTiger message","attr":{"message":{"ts_sec":1738566017,"ts_usec":318440,"thread":"66025:0x202c74240","session_name":"txn-recover","category":"WT_VERB_RECOVERY_PROGRESS","category_id":34,"verbose_level":"DEBUG_1","verbose_level_id":1,"msg":"Recovering log 3 through 3"}}}
{"t":{"$date":"2025-02-03T12:30:17.347+05:30"},"s":"I",  "c":"WTRECOV",  "id":22430,   "ctx":"initandlisten","msg":"WiredTiger message","attr":{"message":{"ts_sec":1738566017,"ts_usec":347042,"thread":"66025:0x202c74240","session_name":"txn-recover","category":"WT_VERB_RECOVERY_PROGRESS","category_id":34,"verbose_level":"DEBUG_1","verbose_level_id":1,"msg":"Main recovery loop: starting at 2/6656 to 3/256"}}}
{"t":{"$date":"2025-02-03T12:30:17.383+05:30"},"s":"I",  "c":"WTRECOV",  "id":22430,   "ctx":"initandlisten","msg":"WiredTiger message","attr":{"message":{"ts_sec":1738566017,"ts_usec":383119,"thread":"66025:0x202c74240","session_name":"txn-recover","category":"WT_VERB_RECOVERY_PROGRESS","category_id":34,"verbose_level":"DEBUG_1","verbose_level_id":1,"msg":"Recovering log 2 through 3"}}}
{"t":{"$date":"2025-02-03T12:30:17.406+05:30"},"s":"I",  "c":"WTRECOV",  "id":22430,   "ctx":"initandlisten","msg":"WiredTiger message","attr":{"message":{"ts_sec":1738566017,"ts_usec":406215,"thread":"66025:0x202c74240","session_name":"txn-recover","category":"WT_VERB_RECOVERY_PROGRESS","category_id":34,"verbose_level":"DEBUG_1","verbose_level_id":1,"msg":"Recovering log 3 through 3"}}}
{"t":{"$date":"2025-02-03T12:30:17.423+05:30"},"s":"I",  "c":"WTRECOV",  "id":22430,   "ctx":"initandlisten","msg":"WiredTiger message","attr":{"message":{"ts_sec":1738566017,"ts_usec":423829,"thread":"66025:0x202c74240","session_name":"txn-recover","category":"WT_VERB_RECOVERY_PROGRESS","category_id":34,"verbose_level":"DEBUG_1","verbose_level_id":1,"msg":"recovery log replay has successfully finished and ran for 136 milliseconds"}}}
{"t":{"$date":"2025-02-03T12:30:17.424+05:30"},"s":"I",  "c":"WTRECOV",  "id":22430,   "ctx":"initandlisten","msg":"WiredTiger message","attr":{"message":{"ts_sec":1738566017,"ts_usec":424129,"thread":"66025:0x202c74240","session_name":"txn-recover","category":"WT_VERB_RECOVERY_PROGRESS","category_id":34,"verbose_level":"DEBUG_1","verbose_level_id":1,"msg":"Set global recovery timestamp: (0, 0)"}}}
{"t":{"$date":"2025-02-03T12:30:17.424+05:30"},"s":"I",  "c":"WTRECOV",  "id":22430,   "ctx":"initandlisten","msg":"WiredTiger message","attr":{"message":{"ts_sec":1738566017,"ts_usec":424313,"thread":"66025:0x202c74240","session_name":"txn-recover","category":"WT_VERB_RECOVERY_PROGRESS","category_id":34,"verbose_level":"DEBUG_1","verbose_level_id":1,"msg":"Set global oldest timestamp: (0, 0)"}}}
{"t":{"$date":"2025-02-03T12:30:17.425+05:30"},"s":"I",  "c":"WTRECOV",  "id":22430,   "ctx":"initandlisten","msg":"WiredTiger message","attr":{"message":{"ts_sec":1738566017,"ts_usec":425037,"thread":"66025:0x202c74240","session_name":"txn-recover","category":"WT_VERB_RECOVERY_PROGRESS","category_id":34,"verbose_level":"DEBUG_1","verbose_level_id":1,"msg":"recovery rollback to stable has successfully finished and ran for 0 milliseconds"}}}
{"t":{"$date":"2025-02-03T12:30:17.430+05:30"},"s":"I",  "c":"WTCHKPT",  "id":22430,   "ctx":"initandlisten","msg":"WiredTiger message","attr":{"message":{"ts_sec":1738566017,"ts_usec":430481,"thread":"66025:0x202c74240","session_name":"WT_SESSION.checkpoint","category":"WT_VERB_CHECKPOINT_PROGRESS","category_id":7,"verbose_level":"DEBUG_1","verbose_level_id":1,"msg":"saving checkpoint snapshot min: 1, snapshot max: 1 snapshot count: 0, oldest timestamp: (0, 0) , meta checkpoint timestamp: (0, 0) base write gen: 21"}}}
{"t":{"$date":"2025-02-03T12:30:17.450+05:30"},"s":"I",  "c":"WTRECOV",  "id":22430,   "ctx":"initandlisten","msg":"WiredTiger message","attr":{"message":{"ts_sec":1738566017,"ts_usec":450254,"thread":"66025:0x202c74240","session_name":"txn-recover","category":"WT_VERB_RECOVERY_PROGRESS","category_id":34,"verbose_level":"DEBUG_1","verbose_level_id":1,"msg":"recovery checkpoint has successfully finished and ran for 24 milliseconds"}}}
{"t":{"$date":"2025-02-03T12:30:17.451+05:30"},"s":"I",  "c":"WTRECOV",  "id":22430,   "ctx":"initandlisten","msg":"WiredTiger message","attr":{"message":{"ts_sec":1738566017,"ts_usec":451074,"thread":"66025:0x202c74240","session_name":"txn-recover","category":"WT_VERB_RECOVERY_PROGRESS","category_id":34,"verbose_level":"DEBUG_1","verbose_level_id":1,"msg":"recovery was completed successfully and took 163ms, including 136ms for the log replay, 0ms for the rollback to stable, and 24ms for the checkpoint."}}}
{"t":{"$date":"2025-02-03T12:30:17.455+05:30"},"s":"I",  "c":"STORAGE",  "id":4795906, "ctx":"initandlisten","msg":"WiredTiger opened","attr":{"durationMillis":288}}
{"t":{"$date":"2025-02-03T12:30:17.455+05:30"},"s":"I",  "c":"RECOVERY", "id":23987,   "ctx":"initandlisten","msg":"WiredTiger recoveryTimestamp","attr":{"recoveryTimestamp":{"$timestamp":{"t":0,"i":0}}}}
{"t":{"$date":"2025-02-03T12:30:17.464+05:30"},"s":"W",  "c":"CONTROL",  "id":22120,   "ctx":"initandlisten","msg":"Access control is not enabled for the database. Read and write access to data and configuration is unrestricted","tags":["startupWarnings"]}
{"t":{"$date":"2025-02-03T12:30:17.469+05:30"},"s":"I",  "c":"NETWORK",  "id":4915702, "ctx":"initandlisten","msg":"Updated wire specification","attr":{"oldSpec":{"incomingExternalClient":{"minWireVersion":0,"maxWireVersion":25},"incomingInternalClient":{"minWireVersion":0,"maxWireVersion":25},"outgoing":{"minWireVersion":6,"maxWireVersion":25},"isInternalClient":true},"newSpec":{"incomingExternalClient":{"minWireVersion":0,"maxWireVersion":25},"incomingInternalClient":{"minWireVersion":25,"maxWireVersion":25},"outgoing":{"minWireVersion":25,"maxWireVersion":25},"isInternalClient":true}}}
{"t":{"$date":"2025-02-03T12:30:17.469+05:30"},"s":"I",  "c":"REPL",     "id":5853300, "ctx":"initandlisten","msg":"current featureCompatibilityVersion value","attr":{"featureCompatibilityVersion":"8.0","context":"startup"}}
{"t":{"$date":"2025-02-03T12:30:17.469+05:30"},"s":"I",  "c":"STORAGE",  "id":5071100, "ctx":"initandlisten","msg":"Clearing temp directory"}
{"t":{"$date":"2025-02-03T12:30:17.472+05:30"},"s":"I",  "c":"CONTROL",  "id":6608200, "ctx":"initandlisten","msg":"Initializing cluster server parameters from disk"}
{"t":{"$date":"2025-02-03T12:30:17.472+05:30"},"s":"I",  "c":"CONTROL",  "id":20536,   "ctx":"initandlisten","msg":"Flow Control is enabled on this deployment"}
{"t":{"$date":"2025-02-03T12:30:17.472+05:30"},"s":"I",  "c":"FTDC",     "id":20625,   "ctx":"initandlisten","msg":"Initializing full-time diagnostic data capture","attr":{"dataDirectory":"/Users/kumarsatyam/Desktop/CRM/Database/diagnostic.data"}}
{"t":{"$date":"2025-02-03T12:30:17.479+05:30"},"s":"I",  "c":"REPL",     "id":6015317, "ctx":"initandlisten","msg":"Setting new configuration state","attr":{"newState":"ConfigReplicationDisabled","oldState":"ConfigPreStart"}}
{"t":{"$date":"2025-02-03T12:30:17.479+05:30"},"s":"I",  "c":"STORAGE",  "id":22262,   "ctx":"initandlisten","msg":"Timestamp monitor starting"}
{"t":{"$date":"2025-02-03T12:30:17.479+05:30"},"s":"I",  "c":"STORAGE",  "id":7333401, "ctx":"initandlisten","msg":"Starting the DiskSpaceMonitor"}
{"t":{"$date":"2025-02-03T12:30:17.480+05:30"},"s":"I",  "c":"NETWORK",  "id":23015,   "ctx":"listener","msg":"Listening on","attr":{"address":"/tmp/mongodb-27017.sock"}}
{"t":{"$date":"2025-02-03T12:30:17.481+05:30"},"s":"I",  "c":"NETWORK",  "id":23015,   "ctx":"listener","msg":"Listening on","attr":{"address":"127.0.0.1:27017"}}
{"t":{"$date":"2025-02-03T12:30:17.481+05:30"},"s":"I",  "c":"NETWORK",  "id":23016,   "ctx":"listener","msg":"Waiting for connections","attr":{"port":27017,"ssl":"off"}}
{"t":{"$date":"2025-02-03T12:30:17.481+05:30"},"s":"I",  "c":"CONTROL",  "id":8423403, "ctx":"initandlisten","msg":"mongod startup complete","attr":{"Summary of time elapsed":{"Startup from clean shutdown?":true,"Statistics":{"Set up periodic runner":"0 ms","Set up online certificate status protocol manager":"0 ms","Transport layer setup":"1 ms","Run initial syncer crash recovery":"0 ms","Create storage engine lock file in the data directory":"0 ms","Get metadata describing storage engine":"0 ms","Validate options in metadata against current startup options":"0 ms","Create storage engine":"291 ms","Write current PID to file":"0 ms","Initialize FCV before rebuilding indexes":"5 ms","Drop abandoned idents and get back indexes that need to be rebuilt or builds that need to be restarted":"0 ms","Rebuild indexes for collections":"0 ms","Load cluster parameters from disk for a standalone":"1 ms","Build user and roles graph":"0 ms","Set up the background thread pool responsible for waiting for opTimes to be majority committed":"0 ms","Start up the replication coordinator":"2 ms","Ensure the change stream collections on startup contain consistent data":"0 ms","Write startup options to the audit log":"0 ms","Start transport layer":"1 ms","_initAndListen total elapsed time":"318 ms"}}}}
{"t":{"$date":"2025-02-03T12:30:18.012+05:30"},"s":"W",  "c":"CONTROL",  "id":636300,  "ctx":"ftdc","msg":"Use of deprecated server parameter name","attr":{"deprecatedName":"internalQueryCacheSize","canonicalName":"internalQueryCacheMaxEntriesPerCollection"}}
{"t":{"$date":"2025-02-03T12:30:18.012+05:30"},"s":"W",  "c":"CONTROL",  "id":636300,  "ctx":"ftdc","msg":"Use of deprecated server parameter name","attr":{"deprecatedName":"oplogSamplingLogIntervalSeconds","canonicalName":"collectionSamplingLogIntervalSeconds"}}
{"t":{"$date":"2025-02-03T12:30:18.013+05:30"},"s":"W",  "c":"NETWORK",  "id":23803,   "ctx":"ftdc","msg":"Use of deprecated server parameter 'sslMode', please use 'tlsMode' instead."}
{"t":{"$date":"2025-02-03T12:30:18.014+05:30"},"s":"W",  "c":"CONTROL",  "id":636300,  "ctx":"ftdc","msg":"Use of deprecated server parameter name","attr":{"deprecatedName":"wiredTigerConcurrentReadTransactions","canonicalName":"storageEngineConcurrentReadTransactions"}}
{"t":{"$date":"2025-02-03T12:30:18.014+05:30"},"s":"W",  "c":"CONTROL",  "id":636300,  "ctx":"ftdc","msg":"Use of deprecated server parameter name","attr":{"deprecatedName":"wiredTigerConcurrentWriteTransactions","canonicalName":"storageEngineConcurrentWriteTransactions"}}
{"t":{"$date":"2025-02-03T12:31:08.135+05:30"},"s":"I",  "c":"NETWORK",  "id":22943,   "ctx":"listener","msg":"Connection accepted","attr":{"remote":"127.0.0.1:56798","uuid":{"uuid":{"$uuid":"3d988cf6-8fcd-421a-a6f8-c0ffae33319c"}},"connectionId":1,"connectionCount":1}}
{"t":{"$date":"2025-02-03T12:31:08.138+05:30"},"s":"I",  "c":"NETWORK",  "id":51800,   "ctx":"conn1","msg":"client metadata","attr":{"remote":"127.0.0.1:56798","client":"conn1","negotiatedCompressors":[],"doc":{"application":{"name":"MongoDB Compass"},"driver":{"name":"nodejs","version":"6.12.0"},"platform":"Node.js v20.18.1, LE","os":{"name":"darwin","architecture":"arm64","version":"24.2.0","type":"Darwin"}}}}
{"t":{"$date":"2025-02-03T12:31:08.144+05:30"},"s":"I",  "c":"NETWORK",  "id":22943,   "ctx":"listener","msg":"Connection accepted","attr":{"remote":"127.0.0.1:56799","uuid":{"uuid":{"$uuid":"7ec97d33-8325-47f3-9f12-5d52247cf229"}},"connectionId":2,"connectionCount":2}}
{"t":{"$date":"2025-02-03T12:31:08.146+05:30"},"s":"I",  "c":"NETWORK",  "id":51800,   "ctx":"conn2","msg":"client metadata","attr":{"remote":"127.0.0.1:56799","client":"conn2","negotiatedCompressors":[],"doc":{"application":{"name":"MongoDB Compass"},"driver":{"name":"nodejs","version":"6.12.0"},"platform":"Node.js v20.18.1, LE","os":{"name":"darwin","architecture":"arm64","version":"24.2.0","type":"Darwin"}}}}
{"t":{"$date":"2025-02-03T12:31:08.151+05:30"},"s":"I",  "c":"NETWORK",  "id":6788700, "ctx":"conn2","msg":"Received first command on ingress connection since session start or auth handshake","attr":{"elapsedMillis":5}}
{"t":{"$date":"2025-02-03T12:31:08.212+05:30"},"s":"I",  "c":"NETWORK",  "id":22943,   "ctx":"listener","msg":"Connection accepted","attr":{"remote":"127.0.0.1:56800","uuid":{"uuid":{"$uuid":"3cd60300-8e3c-4b83-8796-278ad3aca2a1"}},"connectionId":3,"connectionCount":3}}
{"t":{"$date":"2025-02-03T12:31:08.214+05:30"},"s":"I",  "c":"NETWORK",  "id":22943,   "ctx":"listener","msg":"Connection accepted","attr":{"remote":"127.0.0.1:56801","uuid":{"uuid":{"$uuid":"f64dfe21-4338-49e9-89b6-9cc1cf876d69"}},"connectionId":4,"connectionCount":4}}
{"t":{"$date":"2025-02-03T12:31:08.214+05:30"},"s":"I",  "c":"NETWORK",  "id":51800,   "ctx":"conn3","msg":"client metadata","attr":{"remote":"127.0.0.1:56800","client":"conn3","negotiatedCompressors":[],"doc":{"application":{"name":"MongoDB Compass"},"driver":{"name":"nodejs","version":"6.12.0"},"platform":"Node.js v20.18.1, LE","os":{"name":"darwin","architecture":"arm64","version":"24.2.0","type":"Darwin"}}}}
{"t":{"$date":"2025-02-03T12:31:08.215+05:30"},"s":"I",  "c":"NETWORK",  "id":51800,   "ctx":"conn4","msg":"client metadata","attr":{"remote":"127.0.0.1:56801","client":"conn4","negotiatedCompressors":[],"doc":{"application":{"name":"MongoDB Compass"},"driver":{"name":"nodejs","version":"6.12.0"},"platform":"Node.js v20.18.1, LE","os":{"name":"darwin","architecture":"arm64","version":"24.2.0","type":"Darwin"}}}}
{"t":{"$date":"2025-02-03T12:31:08.216+05:30"},"s":"I",  "c":"NETWORK",  "id":6788700, "ctx":"conn3","msg":"Received first command on ingress connection since session start or auth handshake","attr":{"elapsedMillis":2}}
{"t":{"$date":"2025-02-03T12:31:08.216+05:30"},"s":"I",  "c":"NETWORK",  "id":22943,   "ctx":"listener","msg":"Connection accepted","attr":{"remote":"127.0.0.1:56802","uuid":{"uuid":{"$uuid":"f03bee67-5932-46c0-b204-5d2b279203e4"}},"connectionId":5,"connectionCount":5}}
{"t":{"$date":"2025-02-03T12:31:08.218+05:30"},"s":"I",  "c":"NETWORK",  "id":51800,   "ctx":"conn5","msg":"client metadata","attr":{"remote":"127.0.0.1:56802","client":"conn5","negotiatedCompressors":[],"doc":{"application":{"name":"MongoDB Compass"},"driver":{"name":"nodejs","version":"6.12.0"},"platform":"Node.js v20.18.1, LE","os":{"name":"darwin","architecture":"arm64","version":"24.2.0","type":"Darwin"}}}}
{"t":{"$date":"2025-02-03T12:31:08.220+05:30"},"s":"I",  "c":"NETWORK",  "id":6788700, "ctx":"conn5","msg":"Received first command on ingress connection since session start or auth handshake","attr":{"elapsedMillis":1}}
{"t":{"$date":"2025-02-03T12:31:08.220+05:30"},"s":"I",  "c":"NETWORK",  "id":22943,   "ctx":"listener","msg":"Connection accepted","attr":{"remote":"127.0.0.1:56803","uuid":{"uuid":{"$uuid":"a8c408c1-7d42-4521-8a3c-6eab9c9d9587"}},"connectionId":6,"connectionCount":6}}
{"t":{"$date":"2025-02-03T12:31:08.222+05:30"},"s":"I",  "c":"NETWORK",  "id":51800,   "ctx":"conn6","msg":"client metadata","attr":{"remote":"127.0.0.1:56803","client":"conn6","negotiatedCompressors":[],"doc":{"application":{"name":"MongoDB Compass"},"driver":{"name":"nodejs","version":"6.12.0"},"platform":"Node.js v20.18.1, LE","os":{"name":"darwin","architecture":"arm64","version":"24.2.0","type":"Darwin"}}}}
{"t":{"$date":"2025-02-03T12:31:08.222+05:30"},"s":"I",  "c":"NETWORK",  "id":6788700, "ctx":"conn4","msg":"Received first command on ingress connection since session start or auth handshake","attr":{"elapsedMillis":6}}
{"t":{"$date":"2025-02-03T12:31:08.223+05:30"},"s":"I",  "c":"NETWORK",  "id":22943,   "ctx":"listener","msg":"Connection accepted","attr":{"remote":"127.0.0.1:56804","uuid":{"uuid":{"$uuid":"eed30a48-1b24-4d6a-afb4-73aba9793325"}},"connectionId":7,"connectionCount":7}}
{"t":{"$date":"2025-02-03T12:31:08.223+05:30"},"s":"I",  "c":"NETWORK",  "id":6788700, "ctx":"conn6","msg":"Received first command on ingress connection since session start or auth handshake","attr":{"elapsedMillis":1}}
{"t":{"$date":"2025-02-03T12:31:08.224+05:30"},"s":"I",  "c":"NETWORK",  "id":51800,   "ctx":"conn7","msg":"client metadata","attr":{"remote":"127.0.0.1:56804","client":"conn7","negotiatedCompressors":[],"doc":{"application":{"name":"MongoDB Compass"},"driver":{"name":"nodejs","version":"6.12.0"},"platform":"Node.js v20.18.1, LE","os":{"name":"darwin","architecture":"arm64","version":"24.2.0","type":"Darwin"}}}}
{"t":{"$date":"2025-02-03T12:31:08.224+05:30"},"s":"I",  "c":"NETWORK",  "id":22943,   "ctx":"listener","msg":"Connection accepted","attr":{"remote":"127.0.0.1:56805","uuid":{"uuid":{"$uuid":"fa872513-22c2-4ebe-a96b-1307fac2c0ad"}},"connectionId":8,"connectionCount":8}}
{"t":{"$date":"2025-02-03T12:31:08.225+05:30"},"s":"I",  "c":"NETWORK",  "id":51800,   "ctx":"conn8","msg":"client metadata","attr":{"remote":"127.0.0.1:56805","client":"conn8","negotiatedCompressors":[],"doc":{"application":{"name":"MongoDB Compass"},"driver":{"name":"nodejs","version":"6.12.0"},"platform":"Node.js v20.18.1, LE","os":{"name":"darwin","architecture":"arm64","version":"24.2.0","type":"Darwin"}}}}
{"t":{"$date":"2025-02-03T12:31:08.228+05:30"},"s":"I",  "c":"NETWORK",  "id":22943,   "ctx":"listener","msg":"Connection accepted","attr":{"remote":"127.0.0.1:56806","uuid":{"uuid":{"$uuid":"67c77f86-a752-4393-8928-bdf78f23a692"}},"connectionId":9,"connectionCount":9}}
{"t":{"$date":"2025-02-03T12:31:08.229+05:30"},"s":"I",  "c":"NETWORK",  "id":6788700, "ctx":"conn8","msg":"Received first command on ingress connection since session start or auth handshake","attr":{"elapsedMillis":4}}
{"t":{"$date":"2025-02-03T12:31:08.232+05:30"},"s":"I",  "c":"NETWORK",  "id":51800,   "ctx":"conn9","msg":"client metadata","attr":{"remote":"127.0.0.1:56806","client":"conn9","negotiatedCompressors":[],"doc":{"application":{"name":"MongoDB Compass"},"driver":{"name":"nodejs","version":"6.12.0"},"platform":"Node.js v20.18.1, LE","os":{"name":"darwin","architecture":"arm64","version":"24.2.0","type":"Darwin"}}}}
{"t":{"$date":"2025-02-03T12:31:08.236+05:30"},"s":"I",  "c":"NETWORK",  "id":6788700, "ctx":"conn9","msg":"Received first command on ingress connection since session start or auth handshake","attr":{"elapsedMillis":3}}
{"t":{"$date":"2025-02-03T12:31:16.044+05:30"},"s":"I",  "c":"NETWORK",  "id":6788700, "ctx":"conn7","msg":"Received first command on ingress connection since session start or auth handshake","attr":{"elapsedMillis":7820}}
{"t":{"$date":"2025-02-03T12:31:17.472+05:30"},"s":"I",  "c":"WTCHKPT",  "id":22430,   "ctx":"Checkpointer","msg":"WiredTiger message","attr":{"message":{"ts_sec":1738566077,"ts_usec":472127,"thread":"66025:0x16ebaf000","session_name":"WT_SESSION.checkpoint","category":"WT_VERB_CHECKPOINT_PROGRESS","category_id":7,"verbose_level":"DEBUG_1","verbose_level_id":1,"msg":"saving checkpoint snapshot min: 3, snapshot max: 3 snapshot count: 0, oldest timestamp: (0, 0) , meta checkpoint timestamp: (0, 0) base write gen: 21"}}}
{"t":{"$date":"2025-02-03T12:31:18.658+05:30"},"s":"I",  "c":"NETWORK",  "id":22943,   "ctx":"listener","msg":"Connection accepted","attr":{"remote":"127.0.0.1:56807","uuid":{"uuid":{"$uuid":"dfcee299-36bf-4523-b9db-b29744321165"}},"connectionId":10,"connectionCount":10}}
{"t":{"$date":"2025-02-03T12:31:18.659+05:30"},"s":"I",  "c":"NETWORK",  "id":51800,   "ctx":"conn10","msg":"client metadata","attr":{"remote":"127.0.0.1:56807","client":"conn10","negotiatedCompressors":[],"doc":{"application":{"name":"MongoDB Compass"},"driver":{"name":"nodejs","version":"6.12.0"},"platform":"Node.js v20.18.1, LE","os":{"name":"darwin","architecture":"arm64","version":"24.2.0","type":"Darwin"}}}}
{"t":{"$date":"2025-02-03T12:31:37.036+05:30"},"s":"I",  "c":"NETWORK",  "id":22944,   "ctx":"conn4","msg":"Connection ended","attr":{"remote":"127.0.0.1:56801","uuid":{"uuid":{"$uuid":"f64dfe21-4338-49e9-89b6-9cc1cf876d69"}},"connectionId":4,"connectionCount":9}}
{"t":{"$date":"2025-02-03T12:31:37.039+05:30"},"s":"I",  "c":"NETWORK",  "id":22944,   "ctx":"conn6","msg":"Connection ended","attr":{"remote":"127.0.0.1:56803","uuid":{"uuid":{"$uuid":"a8c408c1-7d42-4521-8a3c-6eab9c9d9587"}},"connectionId":6,"connectionCount":8}}
{"t":{"$date":"2025-02-03T12:31:37.043+05:30"},"s":"I",  "c":"NETWORK",  "id":22944,   "ctx":"conn7","msg":"Connection ended","attr":{"remote":"127.0.0.1:56804","uuid":{"uuid":{"$uuid":"eed30a48-1b24-4d6a-afb4-73aba9793325"}},"connectionId":7,"connectionCount":7}}
{"t":{"$date":"2025-02-03T12:31:37.045+05:30"},"s":"I",  "c":"NETWORK",  "id":22944,   "ctx":"conn2","msg":"Connection ended","attr":{"remote":"127.0.0.1:56799","uuid":{"uuid":{"$uuid":"7ec97d33-8325-47f3-9f12-5d52247cf229"}},"connectionId":2,"connectionCount":6}}
{"t":{"$date":"2025-02-03T12:31:37.049+05:30"},"s":"I",  "c":"NETWORK",  "id":22944,   "ctx":"conn8","msg":"Connection ended","attr":{"remote":"127.0.0.1:56805","uuid":{"uuid":{"$uuid":"fa872513-22c2-4ebe-a96b-1307fac2c0ad"}},"connectionId":8,"connectionCount":5}}
{"t":{"$date":"2025-02-03T12:31:37.050+05:30"},"s":"I",  "c":"NETWORK",  "id":22944,   "ctx":"conn5","msg":"Connection ended","attr":{"remote":"127.0.0.1:56802","uuid":{"uuid":{"$uuid":"f03bee67-5932-46c0-b204-5d2b279203e4"}},"connectionId":5,"connectionCount":4}}
{"t":{"$date":"2025-02-03T12:31:37.051+05:30"},"s":"I",  "c":"NETWORK",  "id":22944,   "ctx":"conn10","msg":"Connection ended","attr":{"remote":"127.0.0.1:56807","uuid":{"uuid":{"$uuid":"dfcee299-36bf-4523-b9db-b29744321165"}},"connectionId":10,"connectionCount":3}}
{"t":{"$date":"2025-02-03T12:31:37.052+05:30"},"s":"I",  "c":"NETWORK",  "id":22944,   "ctx":"conn3","msg":"Connection ended","attr":{"remote":"127.0.0.1:56800","uuid":{"uuid":{"$uuid":"3cd60300-8e3c-4b83-8796-278ad3aca2a1"}},"connectionId":3,"connectionCount":2}}
{"t":{"$date":"2025-02-03T12:31:37.052+05:30"},"s":"I",  "c":"NETWORK",  "id":22944,   "ctx":"conn9","msg":"Connection ended","attr":{"remote":"127.0.0.1:56806","uuid":{"uuid":{"$uuid":"67c77f86-a752-4393-8928-bdf78f23a692"}},"connectionId":9,"connectionCount":1}}
{"t":{"$date":"2025-02-03T12:31:37.680+05:30"},"s":"W",  "c":"NETWORK",  "id":4615610, "ctx":"conn1","msg":"Failed to check socket connectivity","attr":{"error":{"code":6,"codeName":"HostUnreachable","errmsg":"peekASIOStream :: caused by :: Connection closed by peer"}}}
{"t":{"$date":"2025-02-03T12:31:37.680+05:30"},"s":"I",  "c":"-",        "id":20883,   "ctx":"conn1","msg":"Interrupted operation as its client disconnected","attr":{"opId":13315}}
{"t":{"$date":"2025-02-03T12:31:37.682+05:30"},"s":"I",  "c":"NETWORK",  "id":22944,   "ctx":"conn1","msg":"Connection ended","attr":{"remote":"127.0.0.1:56798","uuid":{"uuid":{"$uuid":"3d988cf6-8fcd-421a-a6f8-c0ffae33319c"}},"connectionId":1,"connectionCount":0}}
{"t":{"$date":"2025-02-03T12:31:43.607+05:30"},"s":"I",  "c":"CONTROL",  "id":23377,   "ctx":"SignalHandler","msg":"Received signal","attr":{"signal":15,"error":"Terminated: 15"}}
{"t":{"$date":"2025-02-03T12:31:43.608+05:30"},"s":"I",  "c":"CONTROL",  "id":23381,   "ctx":"SignalHandler","msg":"will terminate after current cmd ends"}
{"t":{"$date":"2025-02-03T12:31:43.609+05:30"},"s":"I",  "c":"REPL",     "id":4784900, "ctx":"SignalHandler","msg":"Stepping down the ReplicationCoordinator for shutdown","attr":{"waitTimeMillis":15000}}
{"t":{"$date":"2025-02-03T12:31:43.611+05:30"},"s":"I",  "c":"REPL",     "id":4794602, "ctx":"SignalHandler","msg":"Attempting to enter quiesce mode"}
{"t":{"$date":"2025-02-03T12:31:43.612+05:30"},"s":"I",  "c":"STORAGE",  "id":7333402, "ctx":"SignalHandler","msg":"Shutting down the DiskSpaceMonitor"}
{"t":{"$date":"2025-02-03T12:31:43.613+05:30"},"s":"I",  "c":"-",        "id":6371601, "ctx":"SignalHandler","msg":"Shutting down the FLE Crud thread pool"}
{"t":{"$date":"2025-02-03T12:31:43.613+05:30"},"s":"I",  "c":"COMMAND",  "id":4784901, "ctx":"SignalHandler","msg":"Shutting down the MirrorMaestro"}
{"t":{"$date":"2025-02-03T12:31:43.614+05:30"},"s":"I",  "c":"SHARDING", "id":4784902, "ctx":"SignalHandler","msg":"Shutting down the WaitForMajorityService"}
{"t":{"$date":"2025-02-03T12:31:43.615+05:30"},"s":"I",  "c":"CONTROL",  "id":4784903, "ctx":"SignalHandler","msg":"Shutting down the LogicalSessionCache"}
{"t":{"$date":"2025-02-03T12:31:43.616+05:30"},"s":"I",  "c":"NETWORK",  "id":8314100, "ctx":"SignalHandler","msg":"Shutdown: Closing listener sockets"}
{"t":{"$date":"2025-02-03T12:31:43.616+05:30"},"s":"I",  "c":"NETWORK",  "id":23017,   "ctx":"listener","msg":"removing socket file","attr":{"path":"/tmp/mongodb-27017.sock"}}
{"t":{"$date":"2025-02-03T12:31:43.617+05:30"},"s":"I",  "c":"NETWORK",  "id":4784905, "ctx":"SignalHandler","msg":"Shutting down the global connection pool"}
{"t":{"$date":"2025-02-03T12:31:43.617+05:30"},"s":"I",  "c":"CONTROL",  "id":4784906, "ctx":"SignalHandler","msg":"Shutting down the FlowControlTicketholder"}
{"t":{"$date":"2025-02-03T12:31:43.617+05:30"},"s":"I",  "c":"-",        "id":20520,   "ctx":"SignalHandler","msg":"Stopping further Flow Control ticket acquisitions."}
{"t":{"$date":"2025-02-03T12:31:43.618+05:30"},"s":"I",  "c":"CONTROL",  "id":4784908, "ctx":"SignalHandler","msg":"Shutting down the PeriodicThreadToAbortExpiredTransactions"}
{"t":{"$date":"2025-02-03T12:31:43.618+05:30"},"s":"I",  "c":"REPL",     "id":4784909, "ctx":"SignalHandler","msg":"Shutting down the ReplicationCoordinator"}
{"t":{"$date":"2025-02-03T12:31:43.618+05:30"},"s":"I",  "c":"SHARDING", "id":4784910, "ctx":"SignalHandler","msg":"Shutting down the ShardingInitializationMongoD"}
{"t":{"$date":"2025-02-03T12:31:43.619+05:30"},"s":"I",  "c":"REPL",     "id":4784911, "ctx":"SignalHandler","msg":"Enqueuing the ReplicationStateTransitionLock for shutdown"}
{"t":{"$date":"2025-02-03T12:31:43.619+05:30"},"s":"I",  "c":"-",        "id":4784912, "ctx":"SignalHandler","msg":"Killing all operations for shutdown"}
{"t":{"$date":"2025-02-03T12:31:43.620+05:30"},"s":"I",  "c":"-",        "id":4695300, "ctx":"SignalHandler","msg":"Interrupted all currently running operations","attr":{"opsKilled":3}}
{"t":{"$date":"2025-02-03T12:31:43.620+05:30"},"s":"I",  "c":"TENANT_M", "id":5093807, "ctx":"SignalHandler","msg":"Shutting down all TenantMigrationAccessBlockers on global shutdown"}
{"t":{"$date":"2025-02-03T12:31:43.622+05:30"},"s":"I",  "c":"ASIO",     "id":22582,   "ctx":"TenantMigrationBlockerNet","msg":"Killing all outstanding egress activity."}
{"t":{"$date":"2025-02-03T12:31:43.623+05:30"},"s":"I",  "c":"ASIO",     "id":6529201, "ctx":"SignalHandler","msg":"Network interface redundant shutdown","attr":{"state":"Stopped"}}
{"t":{"$date":"2025-02-03T12:31:43.623+05:30"},"s":"I",  "c":"ASIO",     "id":22582,   "ctx":"SignalHandler","msg":"Killing all outstanding egress activity."}
{"t":{"$date":"2025-02-03T12:31:43.624+05:30"},"s":"I",  "c":"COMMAND",  "id":4784913, "ctx":"SignalHandler","msg":"Shutting down all open transactions"}
{"t":{"$date":"2025-02-03T12:31:43.624+05:30"},"s":"I",  "c":"REPL",     "id":4784914, "ctx":"SignalHandler","msg":"Acquiring the ReplicationStateTransitionLock for shutdown"}
{"t":{"$date":"2025-02-03T12:31:43.625+05:30"},"s":"I",  "c":"INDEX",    "id":4784915, "ctx":"SignalHandler","msg":"Shutting down the IndexBuildsCoordinator"}
{"t":{"$date":"2025-02-03T12:31:43.625+05:30"},"s":"I",  "c":"NETWORK",  "id":4784918, "ctx":"SignalHandler","msg":"Shutting down the ReplicaSetMonitor"}
{"t":{"$date":"2025-02-03T12:31:43.625+05:30"},"s":"I",  "c":"SHARDING", "id":4784921, "ctx":"SignalHandler","msg":"Shutting down the MigrationUtilExecutor"}
{"t":{"$date":"2025-02-03T12:31:43.626+05:30"},"s":"I",  "c":"ASIO",     "id":22582,   "ctx":"MigrationUtil-TaskExecutor","msg":"Killing all outstanding egress activity."}
{"t":{"$date":"2025-02-03T12:31:43.626+05:30"},"s":"I",  "c":"NETWORK",  "id":20562,   "ctx":"SignalHandler","msg":"Shutdown: Closing open transport sessions"}
{"t":{"$date":"2025-02-03T12:31:43.626+05:30"},"s":"I",  "c":"NETWORK",  "id":4784923, "ctx":"SignalHandler","msg":"Shutting down the ASIO transport SessionManager"}
{"t":{"$date":"2025-02-03T12:31:43.627+05:30"},"s":"I",  "c":"CONTROL",  "id":4784927, "ctx":"SignalHandler","msg":"Shutting down the HealthLog"}
{"t":{"$date":"2025-02-03T12:31:43.627+05:30"},"s":"I",  "c":"CONTROL",  "id":4784928, "ctx":"SignalHandler","msg":"Shutting down the TTL monitor"}
{"t":{"$date":"2025-02-03T12:31:43.627+05:30"},"s":"I",  "c":"INDEX",    "id":3684100, "ctx":"SignalHandler","msg":"Shutting down TTL collection monitor thread"}
{"t":{"$date":"2025-02-03T12:31:43.628+05:30"},"s":"I",  "c":"INDEX",    "id":3684101, "ctx":"SignalHandler","msg":"Finished shutting down TTL collection monitor thread"}
{"t":{"$date":"2025-02-03T12:31:43.628+05:30"},"s":"I",  "c":"CONTROL",  "id":6278511, "ctx":"SignalHandler","msg":"Shutting down the Change Stream Expired Pre-images Remover"}
{"t":{"$date":"2025-02-03T12:31:43.628+05:30"},"s":"I",  "c":"CONTROL",  "id":4784929, "ctx":"SignalHandler","msg":"Acquiring the global lock for shutdown"}
{"t":{"$date":"2025-02-03T12:31:43.629+05:30"},"s":"I",  "c":"CONTROL",  "id":4784930, "ctx":"SignalHandler","msg":"Shutting down the storage engine"}
{"t":{"$date":"2025-02-03T12:31:43.629+05:30"},"s":"I",  "c":"STORAGE",  "id":22320,   "ctx":"SignalHandler","msg":"Shutting down journal flusher thread"}
{"t":{"$date":"2025-02-03T12:31:43.629+05:30"},"s":"I",  "c":"STORAGE",  "id":22321,   "ctx":"SignalHandler","msg":"Finished shutting down journal flusher thread"}
{"t":{"$date":"2025-02-03T12:31:43.630+05:30"},"s":"I",  "c":"STORAGE",  "id":22322,   "ctx":"SignalHandler","msg":"Shutting down checkpoint thread"}
{"t":{"$date":"2025-02-03T12:31:43.630+05:30"},"s":"I",  "c":"STORAGE",  "id":22323,   "ctx":"SignalHandler","msg":"Finished shutting down checkpoint thread"}
{"t":{"$date":"2025-02-03T12:31:43.630+05:30"},"s":"I",  "c":"STORAGE",  "id":22261,   "ctx":"SignalHandler","msg":"Timestamp monitor shutting down"}
{"t":{"$date":"2025-02-03T12:31:43.631+05:30"},"s":"I",  "c":"STORAGE",  "id":20282,   "ctx":"SignalHandler","msg":"Deregistering all the collections"}
{"t":{"$date":"2025-02-03T12:31:43.631+05:30"},"s":"I",  "c":"STORAGE",  "id":22317,   "ctx":"SignalHandler","msg":"WiredTigerKVEngine shutting down"}
{"t":{"$date":"2025-02-03T12:31:43.631+05:30"},"s":"I",  "c":"STORAGE",  "id":22318,   "ctx":"SignalHandler","msg":"Shutting down session sweeper thread"}
{"t":{"$date":"2025-02-03T12:31:43.632+05:30"},"s":"I",  "c":"STORAGE",  "id":22319,   "ctx":"SignalHandler","msg":"Finished shutting down session sweeper thread"}
{"t":{"$date":"2025-02-03T12:31:43.632+05:30"},"s":"I",  "c":"STORAGE",  "id":4795902, "ctx":"SignalHandler","msg":"Closing WiredTiger","attr":{"closeConfig":"leak_memory=true,use_timestamp=false,"}}
{"t":{"$date":"2025-02-03T12:31:43.634+05:30"},"s":"I",  "c":"WTCHKPT",  "id":22430,   "ctx":"SignalHandler","msg":"WiredTiger message","attr":{"message":{"ts_sec":1738566103,"ts_usec":634379,"thread":"66025:0x16dc5f000","session_name":"close_ckpt","category":"WT_VERB_CHECKPOINT_PROGRESS","category_id":7,"verbose_level":"DEBUG_1","verbose_level_id":1,"msg":"saving checkpoint snapshot min: 5, snapshot max: 5 snapshot count: 0, oldest timestamp: (0, 0) , meta checkpoint timestamp: (0, 0) base write gen: 21"}}}
{"t":{"$date":"2025-02-03T12:31:43.657+05:30"},"s":"I",  "c":"WTRECOV",  "id":22430,   "ctx":"SignalHandler","msg":"WiredTiger message","attr":{"message":{"ts_sec":1738566103,"ts_usec":657642,"thread":"66025:0x16dc5f000","session_name":"WT_CONNECTION.close","category":"WT_VERB_RECOVERY_PROGRESS","category_id":34,"verbose_level":"DEBUG_1","verbose_level_id":1,"msg":"shutdown checkpoint has successfully finished and ran for 24 milliseconds"}}}
{"t":{"$date":"2025-02-03T12:31:43.657+05:30"},"s":"I",  "c":"WTRECOV",  "id":22430,   "ctx":"SignalHandler","msg":"WiredTiger message","attr":{"message":{"ts_sec":1738566103,"ts_usec":657973,"thread":"66025:0x16dc5f000","session_name":"WT_CONNECTION.close","category":"WT_VERB_RECOVERY_PROGRESS","category_id":34,"verbose_level":"DEBUG_1","verbose_level_id":1,"msg":"shutdown was completed successfully and took 25ms, including 0ms for the rollback to stable, and 24ms for the checkpoint."}}}
{"t":{"$date":"2025-02-03T12:31:43.670+05:30"},"s":"I",  "c":"STORAGE",  "id":4795901, "ctx":"SignalHandler","msg":"WiredTiger closed","attr":{"durationMillis":38}}
{"t":{"$date":"2025-02-03T12:31:43.670+05:30"},"s":"I",  "c":"STORAGE",  "id":22279,   "ctx":"SignalHandler","msg":"shutdown: removing fs lock..."}
{"t":{"$date":"2025-02-03T12:31:43.670+05:30"},"s":"I",  "c":"-",        "id":4784931, "ctx":"SignalHandler","msg":"Dropping the scope cache for shutdown"}
{"t":{"$date":"2025-02-03T12:31:43.670+05:30"},"s":"I",  "c":"FTDC",     "id":20626,   "ctx":"SignalHandler","msg":"Shutting down full-time diagnostic data capture"}
{"t":{"$date":"2025-02-03T12:31:43.673+05:30"},"s":"I",  "c":"CONTROL",  "id":20565,   "ctx":"SignalHandler","msg":"Now exiting"}
{"t":{"$date":"2025-02-03T12:31:43.674+05:30"},"s":"I",  "c":"CONTROL",  "id":8423404, "ctx":"SignalHandler","msg":"mongod shutdown complete","attr":{"Summary of time elapsed":{"Statistics":{"Enter terminal shutdown":"0 ms","Step down the replication coordinator for shutdown":"2 ms","Time spent in quiesce mode":"0 ms","Shut down FLE Crud subsystem":"1 ms","Shut down MirrorMaestro":"0 ms","Shut down WaitForMajorityService":"2 ms","Shut down the logical session cache":"0 ms","Shut down the global connection pool":"1 ms","Shut down the flow control ticket holder":"0 ms","Shut down the thread that aborts expired transactions":"1 ms","Kill all operations for shutdown":"1 ms","Shut down all tenant migration access blockers on global shutdown":"3 ms","Shut down all open transactions":"1 ms","Acquire the RSTL for shutdown":"0 ms","Shut down the IndexBuildsCoordinator and wait for index builds to finish":"1 ms","Shut down the replica set monitor":"0 ms","Shut down the migration util executor":"1 ms","Shut down the transport layer":"0 ms","Shut down the health log":"1 ms","Shut down the TTL monitor":"1 ms","Shut down expired pre-images and documents removers":"0 ms","Shut down the storage engine":"41 ms","Wait for the oplog cap maintainer thread to stop":"0 ms","Shut down full-time data capture":"0 ms","Shut down online certificate status protocol manager":"0 ms","shutdownTask total elapsed time":"64 ms"}}}}
{"t":{"$date":"2025-02-03T12:31:43.674+05:30"},"s":"I",  "c":"CONTROL",  "id":23138,   "ctx":"SignalHandler","msg":"Shutting down","attr":{"exitCode":0}}
